2026-05-03 20:18:04,997 - passlib.handlers.bcrypt - DEBUG - trapped unexpected response from 'os_crypt' backend: verify('test', b'$2$04$5BJqKfqMQvV7nS.yUguNcuRfMMOXK0xPWavM7pOzjEi5ze5T1k8/S'):
Traceback (most recent call last):
  File "/usr/local/lib/python3.11/site-packages/passlib/handlers/bcrypt.py", line 303, in safe_verify
    return verify(secret, hash)
           ^^^^^^^^^^^^^^^^^^^^
  File "/usr/local/lib/python3.11/site-packages/passlib/utils/handlers.py", line 792, in verify
    return consteq(self._calc_checksum(secret), chk)
                   ^^^^^^^^^^^^^^^^^^^^^^^^^^^
  File "/usr/local/lib/python3.11/site-packages/passlib/handlers/bcrypt.py", line 837, in _calc_checksum
    raise uh.exc.InternalBackendError(
passlib.exc.InternalBackendError: crypt.crypt() failed for unknown reason; passlib recommends running `pip install bcrypt` for general bcrypt support.(config=<hash <class 'str'> value omitted>, secret=<hash <class 'bytes'> value omitted>)
2026-05-03 20:18:05,001 - passlib.handlers.bcrypt - DEBUG - 'os_crypt' backend lacks $2$ support, enabling workaround
2026-05-03 20:18:05,292 - AuthUserService - INFO - Пользователь codextest зарегистрирован
2026-05-03 20:23:20,380 - passlib.handlers.bcrypt - DEBUG - trapped unexpected response from 'os_crypt' backend: verify('test', b'$2$04$5BJqKfqMQvV7nS.yUguNcuRfMMOXK0xPWavM7pOzjEi5ze5T1k8/S'):
Traceback (most recent call last):
  File "/usr/local/lib/python3.11/site-packages/passlib/handlers/bcrypt.py", line 303, in safe_verify
    return verify(secret, hash)
           ^^^^^^^^^^^^^^^^^^^^
  File "/usr/local/lib/python3.11/site-packages/passlib/utils/handlers.py", line 792, in verify
    return consteq(self._calc_checksum(secret), chk)
                   ^^^^^^^^^^^^^^^^^^^^^^^^^^^
  File "/usr/local/lib/python3.11/site-packages/passlib/handlers/bcrypt.py", line 837, in _calc_checksum
    raise uh.exc.InternalBackendError(
passlib.exc.InternalBackendError: crypt.crypt() failed for unknown reason; passlib recommends running `pip install bcrypt` for general bcrypt support.(config=<hash <class 'str'> value omitted>, secret=<hash <class 'bytes'> value omitted>)
2026-05-03 20:23:20,382 - passlib.handlers.bcrypt - DEBUG - 'os_crypt' backend lacks $2$ support, enabling workaround
2026-05-03 20:24:14,082 - passlib.handlers.bcrypt - DEBUG - trapped unexpected response from 'os_crypt' backend: verify('test', b'$2$04$5BJqKfqMQvV7nS.yUguNcuRfMMOXK0xPWavM7pOzjEi5ze5T1k8/S'):
Traceback (most recent call last):
  File "/usr/local/lib/python3.11/site-packages/passlib/handlers/bcrypt.py", line 303, in safe_verify
    return verify(secret, hash)
           ^^^^^^^^^^^^^^^^^^^^
  File "/usr/local/lib/python3.11/site-packages/passlib/utils/handlers.py", line 792, in verify
    return consteq(self._calc_checksum(secret), chk)
                   ^^^^^^^^^^^^^^^^^^^^^^^^^^^
  File "/usr/local/lib/python3.11/site-packages/passlib/handlers/bcrypt.py", line 837, in _calc_checksum
    raise uh.exc.InternalBackendError(
passlib.exc.InternalBackendError: crypt.crypt() failed for unknown reason; passlib recommends running `pip install bcrypt` for general bcrypt support.(config=<hash <class 'str'> value omitted>, secret=<hash <class 'bytes'> value omitted>)
2026-05-03 20:24:14,117 - passlib.handlers.bcrypt - DEBUG - 'os_crypt' backend lacks $2$ support, enabling workaround
2026-05-03 20:24:14,560 - AuthUserService - INFO - Пользователь annotator зарегистрирован
2026-05-03 20:32:08,038 - DataBaseDataUser - DEBUG - Не найдены данные по пользователю
2026-05-03 20:32:08,052 - DataBaseDataUser - DEBUG - Не найдены данные по пользователю
2026-05-03 20:33:31,629 - python_multipart.multipart - DEBUG - Calling on_part_begin with no data
2026-05-03 20:33:31,631 - python_multipart.multipart - DEBUG - Calling on_header_field with data[42:61]
2026-05-03 20:33:31,631 - python_multipart.multipart - DEBUG - Calling on_header_value with data[63:94]
2026-05-03 20:33:31,632 - python_multipart.multipart - DEBUG - Calling on_header_end with no data
2026-05-03 20:33:31,632 - python_multipart.multipart - DEBUG - Calling on_headers_finished with no data
2026-05-03 20:33:31,633 - python_multipart.multipart - DEBUG - Calling on_part_data with data[98:117]
2026-05-03 20:33:31,633 - python_multipart.multipart - DEBUG - Calling on_part_end with no data
2026-05-03 20:33:31,634 - python_multipart.multipart - DEBUG - Calling on_part_begin with no data
2026-05-03 20:33:31,634 - python_multipart.multipart - DEBUG - Calling on_header_field with data[161:180]
2026-05-03 20:33:31,635 - python_multipart.multipart - DEBUG - Calling on_header_value with data[182:233]
2026-05-03 20:33:31,636 - python_multipart.multipart - DEBUG - Calling on_header_end with no data
2026-05-03 20:33:31,636 - python_multipart.multipart - DEBUG - Calling on_header_field with data[235:247]
2026-05-03 20:33:31,636 - python_multipart.multipart - DEBUG - Calling on_header_value with data[249:259]
2026-05-03 20:33:31,637 - python_multipart.multipart - DEBUG - Calling on_header_end with no data
2026-05-03 20:33:31,637 - python_multipart.multipart - DEBUG - Calling on_headers_finished with no data
2026-05-03 20:33:31,639 - python_multipart.multipart - DEBUG - Calling on_part_data with data[263:45027]
2026-05-03 20:33:31,639 - python_multipart.multipart - DEBUG - Calling on_part_end with no data
2026-05-03 20:33:31,640 - python_multipart.multipart - DEBUG - Calling on_end with no data
2026-05-03 20:40:00,172 - passlib.handlers.bcrypt - DEBUG - trapped unexpected response from 'os_crypt' backend: verify('test', b'$2$04$5BJqKfqMQvV7nS.yUguNcuRfMMOXK0xPWavM7pOzjEi5ze5T1k8/S'):
Traceback (most recent call last):
  File "/usr/local/lib/python3.11/site-packages/passlib/handlers/bcrypt.py", line 303, in safe_verify
    return verify(secret, hash)
           ^^^^^^^^^^^^^^^^^^^^
  File "/usr/local/lib/python3.11/site-packages/passlib/utils/handlers.py", line 792, in verify
    return consteq(self._calc_checksum(secret), chk)
                   ^^^^^^^^^^^^^^^^^^^^^^^^^^^
  File "/usr/local/lib/python3.11/site-packages/passlib/handlers/bcrypt.py", line 837, in _calc_checksum
    raise uh.exc.InternalBackendError(
passlib.exc.InternalBackendError: crypt.crypt() failed for unknown reason; passlib recommends running `pip install bcrypt` for general bcrypt support.(config=<hash <class 'str'> value omitted>, secret=<hash <class 'bytes'> value omitted>)
2026-05-03 20:40:00,178 - passlib.handlers.bcrypt - DEBUG - 'os_crypt' backend lacks $2$ support, enabling workaround
2026-05-03 20:40:16,683 - python_multipart.multipart - DEBUG - Calling on_part_begin with no data
2026-05-03 20:40:16,686 - python_multipart.multipart - DEBUG - Calling on_header_field with data[42:61]
2026-05-03 20:40:16,686 - python_multipart.multipart - DEBUG - Calling on_header_value with data[63:94]
2026-05-03 20:40:16,687 - python_multipart.multipart - DEBUG - Calling on_header_end with no data
2026-05-03 20:40:16,687 - python_multipart.multipart - DEBUG - Calling on_headers_finished with no data
2026-05-03 20:40:16,688 - python_multipart.multipart - DEBUG - Calling on_part_data with data[98:117]
2026-05-03 20:40:16,688 - python_multipart.multipart - DEBUG - Calling on_part_end with no data
2026-05-03 20:40:16,689 - python_multipart.multipart - DEBUG - Calling on_part_begin with no data
2026-05-03 20:40:16,689 - python_multipart.multipart - DEBUG - Calling on_header_field with data[161:180]
2026-05-03 20:40:16,690 - python_multipart.multipart - DEBUG - Calling on_header_value with data[182:233]
2026-05-03 20:40:16,690 - python_multipart.multipart - DEBUG - Calling on_header_end with no data
2026-05-03 20:40:16,690 - python_multipart.multipart - DEBUG - Calling on_header_field with data[235:247]
2026-05-03 20:40:16,691 - python_multipart.multipart - DEBUG - Calling on_header_value with data[249:259]
2026-05-03 20:40:16,691 - python_multipart.multipart - DEBUG - Calling on_header_end with no data
2026-05-03 20:40:16,691 - python_multipart.multipart - DEBUG - Calling on_headers_finished with no data
2026-05-03 20:40:16,693 - python_multipart.multipart - DEBUG - Calling on_part_data with data[263:45027]
2026-05-03 20:40:16,693 - python_multipart.multipart - DEBUG - Calling on_part_end with no data
2026-05-03 20:40:16,693 - python_multipart.multipart - DEBUG - Calling on_end with no data
2026-05-03 20:47:42,420 - ImageRouter - INFO - Загрузка изображений для проекта 20c8f7b0-8947-4483-a74d-d8a3a00df9a8
2026-05-03 20:47:48,387 - ImageRouter - INFO - Загрузка изображений для проекта 20c8f7b0-8947-4483-a74d-d8a3a00df9a8
2026-05-03 20:47:48,411 - ImageRouter - INFO - Загрузка изображений для проекта 20c8f7b0-8947-4483-a74d-d8a3a00df9a8
2026-05-03 20:49:00,542 - passlib.handlers.bcrypt - DEBUG - trapped unexpected response from 'os_crypt' backend: verify('test', b'$2$04$5BJqKfqMQvV7nS.yUguNcuRfMMOXK0xPWavM7pOzjEi5ze5T1k8/S'):
Traceback (most recent call last):
  File "/usr/local/lib/python3.11/site-packages/passlib/handlers/bcrypt.py", line 303, in safe_verify
    return verify(secret, hash)
           ^^^^^^^^^^^^^^^^^^^^
  File "/usr/local/lib/python3.11/site-packages/passlib/utils/handlers.py", line 792, in verify
    return consteq(self._calc_checksum(secret), chk)
                   ^^^^^^^^^^^^^^^^^^^^^^^^^^^
  File "/usr/local/lib/python3.11/site-packages/passlib/handlers/bcrypt.py", line 837, in _calc_checksum
    raise uh.exc.InternalBackendError(
passlib.exc.InternalBackendError: crypt.crypt() failed for unknown reason; passlib recommends running `pip install bcrypt` for general bcrypt support.(config=<hash <class 'str'> value omitted>, secret=<hash <class 'bytes'> value omitted>)
2026-05-03 20:49:00,546 - passlib.handlers.bcrypt - DEBUG - 'os_crypt' backend lacks $2$ support, enabling workaround
2026-05-03 20:50:12,235 - ImageRouter - INFO - Загрузка изображений для проекта 20c8f7b0-8947-4483-a74d-d8a3a00df9a8
2026-05-03 20:50:12,442 - ImageRouter - INFO - Загрузка изображений для проекта 20c8f7b0-8947-4483-a74d-d8a3a00df9a8
2026-05-03 20:53:30,426 - passlib.handlers.bcrypt - DEBUG - trapped unexpected response from 'os_crypt' backend: verify('test', b'$2$04$5BJqKfqMQvV7nS.yUguNcuRfMMOXK0xPWavM7pOzjEi5ze5T1k8/S'):
Traceback (most recent call last):
  File "/usr/local/lib/python3.11/site-packages/passlib/handlers/bcrypt.py", line 303, in safe_verify
    return verify(secret, hash)
           ^^^^^^^^^^^^^^^^^^^^
  File "/usr/local/lib/python3.11/site-packages/passlib/utils/handlers.py", line 792, in verify
    return consteq(self._calc_checksum(secret), chk)
                   ^^^^^^^^^^^^^^^^^^^^^^^^^^^
  File "/usr/local/lib/python3.11/site-packages/passlib/handlers/bcrypt.py", line 837, in _calc_checksum
    raise uh.exc.InternalBackendError(
passlib.exc.InternalBackendError: crypt.crypt() failed for unknown reason; passlib recommends running `pip install bcrypt` for general bcrypt support.(config=<hash <class 'str'> value omitted>, secret=<hash <class 'bytes'> value omitted>)
2026-05-03 20:53:30,431 - passlib.handlers.bcrypt - DEBUG - 'os_crypt' backend lacks $2$ support, enabling workaround
2026-05-03 20:53:31,313 - ImageRouter - INFO - Загрузка изображений для проекта 20c8f7b0-8947-4483-a74d-d8a3a00df9a8
2026-05-04 09:07:05,295 - passlib.handlers.bcrypt - DEBUG - trapped unexpected response from 'os_crypt' backend: verify('test', b'$2$04$5BJqKfqMQvV7nS.yUguNcuRfMMOXK0xPWavM7pOzjEi5ze5T1k8/S'):
Traceback (most recent call last):
  File "/usr/local/lib/python3.11/site-packages/passlib/handlers/bcrypt.py", line 303, in safe_verify
    return verify(secret, hash)
           ^^^^^^^^^^^^^^^^^^^^
  File "/usr/local/lib/python3.11/site-packages/passlib/utils/handlers.py", line 792, in verify
    return consteq(self._calc_checksum(secret), chk)
                   ^^^^^^^^^^^^^^^^^^^^^^^^^^^
  File "/usr/local/lib/python3.11/site-packages/passlib/handlers/bcrypt.py", line 837, in _calc_checksum
    raise uh.exc.InternalBackendError(
passlib.exc.InternalBackendError: crypt.crypt() failed for unknown reason; passlib recommends running `pip install bcrypt` for general bcrypt support.(config=<hash <class 'str'> value omitted>, secret=<hash <class 'bytes'> value omitted>)
2026-05-04 09:07:05,302 - passlib.handlers.bcrypt - DEBUG - 'os_crypt' backend lacks $2$ support, enabling workaround
2026-05-04 09:07:14,185 - ImageRouter - INFO - Загрузка изображений для проекта 20c8f7b0-8947-4483-a74d-d8a3a00df9a8
2026-05-04 09:07:14,237 - ImageRouter - INFO - Загрузка изображений для проекта 20c8f7b0-8947-4483-a74d-d8a3a00df9a8
2026-05-04 09:11:22,377 - python_multipart.multipart - DEBUG - Calling on_part_begin with no data
2026-05-04 09:11:22,379 - python_multipart.multipart - DEBUG - Calling on_header_field with data[42:61]
2026-05-04 09:11:22,379 - python_multipart.multipart - DEBUG - Calling on_header_value with data[63:94]
2026-05-04 09:11:22,380 - python_multipart.multipart - DEBUG - Calling on_header_end with no data
2026-05-04 09:11:22,380 - python_multipart.multipart - DEBUG - Calling on_headers_finished with no data
2026-05-04 09:11:22,381 - python_multipart.multipart - DEBUG - Calling on_part_data with data[98:117]
2026-05-04 09:11:22,381 - python_multipart.multipart - DEBUG - Calling on_part_end with no data
2026-05-04 09:11:22,381 - python_multipart.multipart - DEBUG - Calling on_part_begin with no data
2026-05-04 09:11:22,382 - python_multipart.multipart - DEBUG - Calling on_header_field with data[161:180]
2026-05-04 09:11:22,382 - python_multipart.multipart - DEBUG - Calling on_header_value with data[182:227]
2026-05-04 09:11:22,383 - python_multipart.multipart - DEBUG - Calling on_header_end with no data
2026-05-04 09:11:22,383 - python_multipart.multipart - DEBUG - Calling on_header_field with data[229:241]
2026-05-04 09:11:22,383 - python_multipart.multipart - DEBUG - Calling on_header_value with data[243:253]
2026-05-04 09:11:22,384 - python_multipart.multipart - DEBUG - Calling on_header_end with no data
2026-05-04 09:11:22,384 - python_multipart.multipart - DEBUG - Calling on_headers_finished with no data
2026-05-04 09:11:22,385 - python_multipart.multipart - DEBUG - Calling on_part_data with data[257:57326]
2026-05-04 09:11:22,386 - python_multipart.multipart - DEBUG - Calling on_part_data with data[0:29242]
2026-05-04 09:11:22,387 - python_multipart.multipart - DEBUG - Calling on_part_end with no data
2026-05-04 09:11:22,387 - python_multipart.multipart - DEBUG - Calling on_end with no data
2026-05-04 09:11:24,464 - ImageRouter - INFO - Загрузка изображений для проекта 20c8f7b0-8947-4483-a74d-d8a3a00df9a8
2026-05-04 09:11:24,493 - ImageRouter - INFO - Загрузка изображений для проекта 20c8f7b0-8947-4483-a74d-d8a3a00df9a8
2026-05-04 09:11:54,029 - ImageRouter - INFO - Загрузка изображений для проекта 20c8f7b0-8947-4483-a74d-d8a3a00df9a8
2026-05-04 09:11:54,058 - ImageRouter - INFO - Загрузка изображений для проекта 20c8f7b0-8947-4483-a74d-d8a3a00df9a8
2026-05-04 09:13:10,728 - ImageRouter - INFO - Загрузка изображений для проекта 20c8f7b0-8947-4483-a74d-d8a3a00df9a8
2026-05-04 09:13:10,757 - ImageRouter - INFO - Загрузка изображений для проекта 20c8f7b0-8947-4483-a74d-d8a3a00df9a8
2026-05-04 09:14:29,444 - passlib.handlers.bcrypt - DEBUG - trapped unexpected response from 'os_crypt' backend: verify('test', b'$2$04$5BJqKfqMQvV7nS.yUguNcuRfMMOXK0xPWavM7pOzjEi5ze5T1k8/S'):
Traceback (most recent call last):
  File "/usr/local/lib/python3.11/site-packages/passlib/handlers/bcrypt.py", line 303, in safe_verify
    return verify(secret, hash)
           ^^^^^^^^^^^^^^^^^^^^
  File "/usr/local/lib/python3.11/site-packages/passlib/utils/handlers.py", line 792, in verify
    return consteq(self._calc_checksum(secret), chk)
                   ^^^^^^^^^^^^^^^^^^^^^^^^^^^
  File "/usr/local/lib/python3.11/site-packages/passlib/handlers/bcrypt.py", line 837, in _calc_checksum
    raise uh.exc.InternalBackendError(
passlib.exc.InternalBackendError: crypt.crypt() failed for unknown reason; passlib recommends running `pip install bcrypt` for general bcrypt support.(config=<hash <class 'str'> value omitted>, secret=<hash <class 'bytes'> value omitted>)
2026-05-04 09:14:29,446 - passlib.handlers.bcrypt - DEBUG - 'os_crypt' backend lacks $2$ support, enabling workaround
2026-05-04 09:14:37,019 - ImageRouter - INFO - Загрузка изображений для проекта 20c8f7b0-8947-4483-a74d-d8a3a00df9a8
2026-05-04 09:14:37,070 - ImageRouter - INFO - Загрузка изображений для проекта 20c8f7b0-8947-4483-a74d-d8a3a00df9a8
2026-05-04 09:19:07,372 - ImageRouter - INFO - Загрузка изображений для проекта 20c8f7b0-8947-4483-a74d-d8a3a00df9a8
2026-05-04 09:19:07,431 - ImageRouter - INFO - Загрузка изображений для проекта 20c8f7b0-8947-4483-a74d-d8a3a00df9a8
2026-05-04 09:23:23,882 - ImageRouter - INFO - Загрузка изображений для проекта 20c8f7b0-8947-4483-a74d-d8a3a00df9a8
2026-05-04 09:23:24,008 - ImageRouter - INFO - Загрузка изображений для проекта 20c8f7b0-8947-4483-a74d-d8a3a00df9a8
2026-05-04 09:24:21,536 - passlib.handlers.bcrypt - DEBUG - trapped unexpected response from 'os_crypt' backend: verify('test', b'$2$04$5BJqKfqMQvV7nS.yUguNcuRfMMOXK0xPWavM7pOzjEi5ze5T1k8/S'):
Traceback (most recent call last):
  File "/usr/local/lib/python3.11/site-packages/passlib/handlers/bcrypt.py", line 303, in safe_verify
    return verify(secret, hash)
           ^^^^^^^^^^^^^^^^^^^^
  File "/usr/local/lib/python3.11/site-packages/passlib/utils/handlers.py", line 792, in verify
    return consteq(self._calc_checksum(secret), chk)
                   ^^^^^^^^^^^^^^^^^^^^^^^^^^^
  File "/usr/local/lib/python3.11/site-packages/passlib/handlers/bcrypt.py", line 837, in _calc_checksum
    raise uh.exc.InternalBackendError(
passlib.exc.InternalBackendError: crypt.crypt() failed for unknown reason; passlib recommends running `pip install bcrypt` for general bcrypt support.(config=<hash <class 'str'> value omitted>, secret=<hash <class 'bytes'> value omitted>)
2026-05-04 09:24:21,544 - passlib.handlers.bcrypt - DEBUG - 'os_crypt' backend lacks $2$ support, enabling workaround
2026-05-04 09:24:33,348 - ImageRouter - INFO - Загрузка изображений для проекта 20c8f7b0-8947-4483-a74d-d8a3a00df9a8
2026-05-04 09:24:33,387 - ImageRouter - INFO - Загрузка изображений для проекта 20c8f7b0-8947-4483-a74d-d8a3a00df9a8
2026-05-04 09:26:10,695 - ImageRouter - INFO - Загрузка изображений для проекта 20c8f7b0-8947-4483-a74d-d8a3a00df9a8
2026-05-04 09:26:10,723 - ImageRouter - INFO - Загрузка изображений для проекта 20c8f7b0-8947-4483-a74d-d8a3a00df9a8
2026-05-04 09:26:15,548 - ImageRouter - INFO - Загрузка изображений для проекта 20c8f7b0-8947-4483-a74d-d8a3a00df9a8
2026-05-04 09:26:15,581 - ImageRouter - INFO - Загрузка изображений для проекта 20c8f7b0-8947-4483-a74d-d8a3a00df9a8
2026-05-04 09:26:28,239 - ImageRouter - INFO - Загрузка изображений для проекта 20c8f7b0-8947-4483-a74d-d8a3a00df9a8
2026-05-04 09:26:28,264 - ImageRouter - INFO - Загрузка изображений для проекта 20c8f7b0-8947-4483-a74d-d8a3a00df9a8
2026-05-04 09:28:12,767 - passlib.handlers.bcrypt - DEBUG - trapped unexpected response from 'os_crypt' backend: verify('test', b'$2$04$5BJqKfqMQvV7nS.yUguNcuRfMMOXK0xPWavM7pOzjEi5ze5T1k8/S'):
Traceback (most recent call last):
  File "/usr/local/lib/python3.11/site-packages/passlib/handlers/bcrypt.py", line 303, in safe_verify
    return verify(secret, hash)
           ^^^^^^^^^^^^^^^^^^^^
  File "/usr/local/lib/python3.11/site-packages/passlib/utils/handlers.py", line 792, in verify
    return consteq(self._calc_checksum(secret), chk)
                   ^^^^^^^^^^^^^^^^^^^^^^^^^^^
  File "/usr/local/lib/python3.11/site-packages/passlib/handlers/bcrypt.py", line 837, in _calc_checksum
    raise uh.exc.InternalBackendError(
passlib.exc.InternalBackendError: crypt.crypt() failed for unknown reason; passlib recommends running `pip install bcrypt` for general bcrypt support.(config=<hash <class 'str'> value omitted>, secret=<hash <class 'bytes'> value omitted>)
2026-05-04 09:28:12,772 - passlib.handlers.bcrypt - DEBUG - 'os_crypt' backend lacks $2$ support, enabling workaround
2026-05-04 09:28:25,871 - ImageRouter - INFO - Загрузка изображений для проекта 20c8f7b0-8947-4483-a74d-d8a3a00df9a8
2026-05-04 09:28:26,024 - ImageRouter - INFO - Загрузка изображений для проекта 20c8f7b0-8947-4483-a74d-d8a3a00df9a8
2026-05-04 09:28:41,400 - hpack.hpack - DEBUG - HPACK encoding <generator object _check_path_header.<locals>.inner at 0xffff46d0cba0>
2026-05-04 09:28:41,403 - hpack.hpack - DEBUG - Adding (b':method', b'GET') to the header table
2026-05-04 09:28:41,404 - hpack.hpack - DEBUG - Encoding 2 with 7 bits
2026-05-04 09:28:41,404 - hpack.hpack - DEBUG - Adding (b':authority', b'translate.googleapis.com') to the header table
2026-05-04 09:28:41,404 - hpack.hpack - DEBUG - Encoding 1 with 6 bits
2026-05-04 09:28:41,405 - hpack.hpack - DEBUG - Encoding 17 with 7 bits
2026-05-04 09:28:41,405 - hpack.hpack - DEBUG - Adding (b':scheme', b'https') to the header table
2026-05-04 09:28:41,406 - hpack.hpack - DEBUG - Encoding 7 with 7 bits
2026-05-04 09:28:41,406 - hpack.hpack - DEBUG - Adding (b':path', b'/translate_a/single?client=gtx&sl=en&tl=ru&hl=ru&dt=at&dt=bd&dt=ex&dt=ld&dt=md&dt=qca&dt=rw&dt=rm&dt=ss&dt=t&ie=UTF-8&oe=UTF-8&otf=1&ssel=0&tsel=0&tk=xxxx&q=Object') to the header table
2026-05-04 09:28:41,407 - hpack.hpack - DEBUG - Encoding 4 with 6 bits
2026-05-04 09:28:41,407 - hpack.hpack - DEBUG - Encoding 124 with 7 bits
2026-05-04 09:28:41,407 - hpack.hpack - DEBUG - Adding (b'accept', b'*/*') to the header table
2026-05-04 09:28:41,408 - hpack.hpack - DEBUG - Encoding 19 with 6 bits
2026-05-04 09:28:41,408 - hpack.hpack - DEBUG - Encoding 3 with 7 bits
2026-05-04 09:28:41,408 - hpack.hpack - DEBUG - Adding (b'accept-encoding', b'gzip, deflate') to the header table
2026-05-04 09:28:41,409 - hpack.hpack - DEBUG - Encoding 16 with 7 bits
2026-05-04 09:28:41,409 - hpack.hpack - DEBUG - Adding (b'user-agent', b'Mozilla/5.0 (Windows NT 10.0; Win64; x64)') to the header table
2026-05-04 09:28:41,410 - hpack.hpack - DEBUG - Encoding 58 with 6 bits
2026-05-04 09:28:41,410 - hpack.hpack - DEBUG - Encoding 32 with 7 bits
2026-05-04 09:28:41,411 - hpack.hpack - DEBUG - Encoded header block to b"\x82A\x91M\x83\xa9\x14\r%^c\x9ej\n:\xcc\x85\xc8z\x7f\x87D\xfca6\x0e\xa4P4\x96!\xb0\x83U5\x05\xff\tA\x8bR`\x99>~\x11D\x05\xab\xe14Ae\xbf\x13\xd1\x05\x96\xfcH\x98\x06\x9f\x89\x13\x04r|H\x98\x0b\xe7\xe2D\xc1D\x9f\x12&\nd\xf8\x910v \xfe$L\x16x\xf8\x910YO\xc4\x89\x81\x08\xf8\x910'\xe0\xc5\x83\x86\xfc+=\xf0r\xc1\xc3~\x15\x9e\xf8:e\x80?\x08Ah\x80\x1f\tAh\x80\x1f\t\xeb\x07\x9f>|\xfcv\x83T}\nD\xffS\x83\xf9c\xe7\x90z\xa0\xd0\x7ff\xa2\x81\xb0\xda\xe0S\xfa\xe4j\xa4?\x84)\xa7z\x81\x02\xe0\xfbS\x91\xaaq\xaf\xb5<\xb8\xd7\xf7"
2026-05-04 09:28:43,565 - hpack.hpack - DEBUG - Decoding b'\x88_\x96\x1du\xd0b\r&=LtA\xea\xfbP\x93\x8e\xc4\x150Z\x99V{@\x90\xf2\xb1\x0fRKRVO\xaa\xca\xb1\xebI\x8fR?\x85\xa8\xe8\xa8\xd2\xcbX\xa1\xa8\xeb\x10d\x9c\xbfJTu\x90\x93\xd8_\xa5)\x1f\x95\x871`\x07\xd2\x94\xda\x84\xada{\x8e\x83H4\x97@\x85\xae\xc1\xcdH\xff\x86\xa8\xeb\x10d\x9c\xbfd\x96\xd0z\xbe\x94\x00T\xca:\x94\x0b\xef\x81@\x02\xe0\x01p\x00S\x16\x8d\xff\x0f\x12\x96\xd0z\xbe\x94\x03Jh\x1f\xa5\x04\x018\xa0\x1f\xb8\'\xae4%1h\xdfY\xad\x1aR2OIjO\xda\x92\x9a\x82\xd4:K\x07\xf3\xd1\x07\xa9t\xf9O\xf3\xf6\xa4\xa6\xa0\xb5\x0e\x92\xfc\xc1\xc3~\x15\x9e\xff_\xeb\xa2\x0fR\xe9\xf2\x9f@\x86\x19\x08Z\xd2\xb1\'\xff\x13\xdcR-{\x1a\xdc!Z\x1b\t?\xd2\x9b\x8aE\xafc[\x84+]2j*\x11\xf4\xa6\xe2\x91k\xd8\xd6\xe1\n\xd8m\xa2\x85\xb8\x96\xc4\x18\xf5})\xb8\xa4Z\xf65\xb8B\xb6\x1bh\xa1n%\xb1\x06=Kg2\x13\xf4\xa6\xe2\x91k\xd8\xd6\xe1\n\xda\x0f!h\xfaSqH\xb5\xeckp\x85nG\xe4\xe3_Jn)\x16\xbd\x8dn\x10\xad\x84\xf6R\xb6\x11\x91\'\xb1\x1fJn)\x16\xbd\x8dn\x10\xad\xae\x81\xa6S\xd9O\xd2\x9b\x8aE\xafc[\x84+k\xa0i\x94\xf6R\xb7\x12\xd8\x83\x1e\xaf@\x94%\x87B\x16=\x86\x98\xd5-aP{l!V\xac\xf4\x18\x9e\xbf\x89%\x87B\x16=\x86\x98\xd5\x7f@\x8d\xac\xb6Rd \xc7\xa9\x0bVz\x0cO_\xff\x02$\xebZ5\x87a\'\x83\xe7\xe9BN\xb5\xa3Z3&\xa2\xa1\x10|\xfd(I\xd6\xb4kKm\x14-\xdc\xb6 \xc7\xaa\x0f\x9f\xa5\t:\xd6\x8dim\xa2\x85\xbb\x96\xc4\x18\xf5-A\x90\x98>~\x94$\xebZ5\xa9<\x85\xa2\x0f\x9f\xa5\t:\xd6\x8do\x07\xf0\xe3P|\xfd(I\xd6\xb4kJ{)ZQ\x91\'\xb1\x10|\xfd(I\xd6\xb4kW@\xd3)\xec\xa6\x0f\x9f\xa5\t:\xd6\x8dj\xe8\x1ae=\x94\xad\xdc\xb6 \xc7\xaa\x0f\x9f@\x92%\x87B\x16=\x86\x98\xd5,z\xcbQlZ\xb3\xd0bz\x88@\xe9*\xc7\xb0\xd3\x1a\xaf@\x90!\xeaIjJ\xc8)-\xb0\xc9\xf4\xb5g\xa0\xc4\xf5\xb7\xb0\xbd\xad5\x85Y6Z\x84\x96E\x93\xea\xb2\xa1iOb\x9f\xe9\x04\xb0\xd5\xa7\xfd}\xd8Z\xcfbV\xb6\xc3(\xc4Lo\xb0u"\x81\xa4\xb0\xd6liMl\x11\x15\xd8Z\xcfb\x7f~\xff\x00A,5iY\x16\x11O\xf5ak=\x89Y\x03\xa6\xba\x0b\xfe\x94\xffU\x1e\xa2\x15k\xb1\xd9v\xa2_\xc6k\xa3\xdf=\xdeZw\xed2\r\x0f\xfaS\xfd[R\x07)V5T\x1a\xa2\xff\xaf\xb3\xc7\xd0\xa4J\xc8\xb0\x8a\x7f\xaa\x8fQ\x7f\xd7\xdccAV\xb6\xc3)\xfe\x90Z%\xff_v\x16\xb3\xd8\x95\xad\xb0\xca1\x13\x1b\xec\x1dH\xa0i,5\x9b\x1aS[\x04Ev\x16\xb3\xd8\x9f\xbf\x07\xb3\xa9lY\x16\x11O\xf4\x82\xd1/\xfaT\x01*@\x8e\xb0\xb5\x9e\xc4\x9a\xa9\x96-RVsT\x94\x7f\xf7\x90\xb2\x8e\xda\x13\x07\xf2\xc4Lo\xb0u"\x81\xa4\xb0\xd6liMlx,kXZ\xcfbQ\xfe\x10\xf5$\xbeS\x01r\xfb\xe9\x817\xcd\xd6\x9c\xbe\x03]\xd3h\x84\x19\x7fq\xe8\xc5\xcc\xd8\x0b\xd2\x8d5cm\xba\xb0{\x9b\xc4\\\xa6\x95\r\xe5\xdd\xc2\xa6\xe7\x97\x05\x1by\xd0\xdf\x9d\xf4\xe5\xca:\xb0\xf6\xe1\xc6\x8e\xdc#\xf5\xb6o\xdc_\xb3s\xa7m\x7f\xae]/\xe7\xab\xb0\xec\xbd\xc0s\xef\xbd\xfc\xffv\x03ESF@\x8c\xf2\xb7\x94!j\xec:JD\x98\xf5\x7f\x010@\x8b\xf2\xb4\xb6\x0e\x92\xacz\xd2c\xd4\x8f\x89\xdd\x0e\x8c\x1a\xb6\xe4\xc5\x93O@\x85\x1d\tY\x1d\xc9\xa4\x9d\x98?\x9b\x8d4\xcf\xf3\xf6\xa5#\x80M\xbe \x00\x1fS\xb2\xb0\x9f\x83\xf9\xb8\xd3L\xff?jR8\x04\xdb\xe2\x00\x01R\x83\xa8\xf5\x17{\x8b\x84\x84-i[\x05D<\x86\xaao'
2026-05-04 09:28:43,567 - hpack.hpack - DEBUG - Decoded 8, consumed 1 bytes
2026-05-04 09:28:43,567 - hpack.hpack - DEBUG - Decoded (b':status', b'200'), consumed 1
2026-05-04 09:28:43,568 - hpack.hpack - DEBUG - Decoded 31, consumed 1 bytes
2026-05-04 09:28:43,568 - hpack.hpack - DEBUG - Decoded 22, consumed 1 bytes
2026-05-04 09:28:43,569 - hpack.hpack - DEBUG - Decoded (b'content-type', b'application/json; charset=utf-8'), total consumed 24 bytes, indexed True
2026-05-04 09:28:43,569 - hpack.hpack - DEBUG - Decoded 16, consumed 1 bytes
2026-05-04 09:28:43,570 - hpack.hpack - DEBUG - Decoded 5, consumed 1 bytes
2026-05-04 09:28:43,570 - hpack.hpack - DEBUG - Decoded (b'x-content-type-options', b'nosniff'), total consumed 24 bytes, indexed True
2026-05-04 09:28:43,571 - hpack.hpack - DEBUG - Decoded 24, consumed 1 bytes
2026-05-04 09:28:43,571 - hpack.hpack - DEBUG - Decoded 33, consumed 1 bytes
2026-05-04 09:28:43,571 - hpack.hpack - DEBUG - Decoded (b'cache-control', b'no-cache, no-store, max-age=0, must-revalidate'), total consumed 35 bytes, indexed True
2026-05-04 09:28:43,572 - hpack.hpack - DEBUG - Decoded 5, consumed 1 bytes
2026-05-04 09:28:43,572 - hpack.hpack - DEBUG - Decoded 6, consumed 1 bytes
2026-05-04 09:28:43,573 - hpack.hpack - DEBUG - Decoded (b'pragma', b'no-cache'), total consumed 14 bytes, indexed True
2026-05-04 09:28:43,576 - hpack.hpack - DEBUG - Decoded 36, consumed 1 bytes
2026-05-04 09:28:43,577 - hpack.hpack - DEBUG - Decoded 22, consumed 1 bytes
2026-05-04 09:28:43,577 - hpack.hpack - DEBUG - Decoded (b'expires', b'Mon, 01 Jan 1990 00:00:00 GMT'), total consumed 24 bytes, indexed True
2026-05-04 09:28:43,578 - hpack.hpack - DEBUG - Decoded 33, consumed 2 bytes
2026-05-04 09:28:43,579 - hpack.hpack - DEBUG - Decoded 22, consumed 1 bytes
2026-05-04 09:28:43,579 - hpack.hpack - DEBUG - Decoded (b'date', b'Mon, 04 May 2026 09:28:42 GMT'), total consumed 25 bytes, indexed False
2026-05-04 09:28:43,580 - hpack.hpack - DEBUG - Decoded 25, consumed 1 bytes
2026-05-04 09:28:43,582 - hpack.hpack - DEBUG - Decoded 45, consumed 1 bytes
2026-05-04 09:28:43,583 - hpack.hpack - DEBUG - Decoded (b'content-disposition', b'attachment; filename="json.txt"; filename*=UTF-8\'\'json.txt'), total consumed 47 bytes, indexed True
2026-05-04 09:28:43,583 - hpack.hpack - DEBUG - Decoded 6, consumed 1 bytes
2026-05-04 09:28:43,584 - hpack.hpack - DEBUG - Decoded 146, consumed 2 bytes
2026-05-04 09:28:43,584 - hpack.hpack - DEBUG - Decoded (b'accept-ch', b'Sec-CH-UA-Arch, Sec-CH-UA-Bitness, Sec-CH-UA-Full-Version, Sec-CH-UA-Full-Version-List, Sec-CH-UA-Model, Sec-CH-UA-WoW64, Sec-CH-UA-Form-Factors, Sec-CH-UA-Platform, Sec-CH-UA-Platform-Version'), total consumed 156 bytes, indexed True
2026-05-04 09:28:43,585 - hpack.hpack - DEBUG - Decoded 20, consumed 1 bytes
2026-05-04 09:28:43,585 - hpack.hpack - DEBUG - Decoded 9, consumed 1 bytes
2026-05-04 09:28:43,586 - hpack.hpack - DEBUG - Decoded (b'cross-origin-resource-policy', b'cross-origin'), total consumed 32 bytes, indexed True
2026-05-04 09:28:43,586 - hpack.hpack - DEBUG - Decoded 13, consumed 1 bytes
2026-05-04 09:28:43,587 - hpack.hpack - DEBUG - Decoded 129, consumed 2 bytes
2026-05-04 09:28:43,587 - hpack.hpack - DEBUG - Decoded (b'permissions-policy', b'ch-ua-arch=*, ch-ua-bitness=*, ch-ua-full-version=*, ch-ua-full-version-list=*, ch-ua-model=*, ch-ua-wow64=*, ch-ua-form-factors=*, ch-ua-platform=*, ch-ua-platform-version=*'), total consumed 146 bytes, indexed True
2026-05-04 09:28:43,588 - hpack.hpack - DEBUG - Decoded 18, consumed 1 bytes
2026-05-04 09:28:43,588 - hpack.hpack - DEBUG - Decoded 8, consumed 1 bytes
2026-05-04 09:28:43,590 - hpack.hpack - DEBUG - Decoded (b'cross-origin-opener-policy', b'same-origin'), total consumed 29 bytes, indexed True
2026-05-04 09:28:43,591 - hpack.hpack - DEBUG - Decoded 16, consumed 1 bytes
2026-05-04 09:28:43,591 - hpack.hpack - DEBUG - Decoded 55, consumed 1 bytes
2026-05-04 09:28:43,592 - hpack.hpack - DEBUG - Decoded (b'content-security-policy', b"require-trusted-types-for 'script';report-uri /_/TranslateApiHttp/cspreport"), total consumed 74 bytes, indexed True
2026-05-04 09:28:43,592 - hpack.hpack - DEBUG - Decoded 62, consumed 1 bytes
2026-05-04 09:28:43,593 - hpack.hpack - DEBUG - Decoded 127, consumed 2 bytes
2026-05-04 09:28:43,594 - hpack.hpack - DEBUG - Decoded (b'content-security-policy', b"script-src 'report-sample' 'nonce-BbrBncDHiBaThBWNTRisiA' 'unsafe-inline';object-src 'none';base-uri 'self';report-uri /_/TranslateApiHttp/cspreport;worker-src 'self'"), total consumed 130 bytes, indexed True
2026-05-04 09:28:43,595 - hpack.hpack - DEBUG - Decoded 20, consumed 1 bytes
2026-05-04 09:28:43,596 - hpack.hpack - DEBUG - Decoded 1, consumed 1 bytes
2026-05-04 09:28:43,597 - hpack.hpack - DEBUG - Decoded (b'access-control-allow-origin', <memory at 0xffff47ec9e40>), total consumed 3 bytes, indexed True
2026-05-04 09:28:43,597 - hpack.hpack - DEBUG - Decoded 14, consumed 1 bytes
2026-05-04 09:28:43,598 - hpack.hpack - DEBUG - Decoded 119, consumed 1 bytes
2026-05-04 09:28:43,599 - hpack.hpack - DEBUG - Decoded (b'reporting-endpoints', b'default="/_/TranslateApiHttp/web-reports?context=eJzjEtDikmJw1pBiMA0JZHMGYiEejlNnH55nEzgw_Wgfs5JSUn5hfElRYl5xTmJJanFqUVlqUbyRgZGZgYmRpZ6BeXyBAQCUahTC"'), total consumed 136 bytes, indexed True
2026-05-04 09:28:43,600 - hpack.hpack - DEBUG - Decoded 54, consumed 1 bytes
2026-05-04 09:28:43,600 - hpack.hpack - DEBUG - Decoded 3, consumed 1 bytes
2026-05-04 09:28:43,602 - hpack.hpack - DEBUG - Decoded (b'server', <memory at 0xffff47ec9b40>), total consumed 5 bytes, indexed True
2026-05-04 09:28:43,603 - hpack.hpack - DEBUG - Decoded 12, consumed 1 bytes
2026-05-04 09:28:43,604 - hpack.hpack - DEBUG - Decoded 1, consumed 1 bytes
2026-05-04 09:28:43,604 - hpack.hpack - DEBUG - Decoded (b'x-xss-protection', <memory at 0xffff47ec8a00>), total consumed 16 bytes, indexed True
2026-05-04 09:28:43,605 - hpack.hpack - DEBUG - Decoded 11, consumed 1 bytes
2026-05-04 09:28:43,607 - hpack.hpack - DEBUG - Decoded 9, consumed 1 bytes
2026-05-04 09:28:43,608 - hpack.hpack - DEBUG - Decoded (b'x-frame-options', b'SAMEORIGIN'), total consumed 23 bytes, indexed True
2026-05-04 09:28:43,608 - hpack.hpack - DEBUG - Decoded 5, consumed 1 bytes
2026-05-04 09:28:43,609 - hpack.hpack - DEBUG - Decoded 36, consumed 1 bytes
2026-05-04 09:28:43,609 - hpack.hpack - DEBUG - Decoded (b'alt-svc', b'h3=":443"; ma=2592000,h3-29=":443"; ma=2592000'), total consumed 44 bytes, indexed True
2026-05-04 09:28:43,610 - hpack.hpack - DEBUG - Decoded 18, consumed 1 bytes
2026-05-04 09:28:43,611 - hpack.hpack - DEBUG - Decoded 3, consumed 1 bytes
2026-05-04 09:28:43,611 - hpack.hpack - DEBUG - Decoded (b'accept-ranges', b'none'), total consumed 5 bytes, indexed True
2026-05-04 09:28:43,612 - hpack.hpack - DEBUG - Decoded 59, consumed 1 bytes
2026-05-04 09:28:43,612 - hpack.hpack - DEBUG - Decoded 11, consumed 1 bytes
2026-05-04 09:28:43,613 - hpack.hpack - DEBUG - Decoded (b'vary', b'Accept-Encoding'), total consumed 13 bytes, indexed True
2026-05-04 09:28:43,615 - httpx._client - DEBUG - HTTP Request: GET https://translate.googleapis.com/translate_a/single?client=gtx&sl=en&tl=ru&hl=ru&dt=at&dt=bd&dt=ex&dt=ld&dt=md&dt=qca&dt=rw&dt=rm&dt=ss&dt=t&ie=UTF-8&oe=UTF-8&otf=1&ssel=0&tsel=0&tk=xxxx&q=Object "HTTP/2 200 OK"
2026-05-04 09:29:41,382 - ImageRouter - INFO - Загрузка изображений для проекта 20c8f7b0-8947-4483-a74d-d8a3a00df9a8
2026-05-04 09:29:41,409 - ImageRouter - INFO - Загрузка изображений для проекта 20c8f7b0-8947-4483-a74d-d8a3a00df9a8
